# JRE version: OpenJDK Runtime Environment (8.0_202-b03) (build 1.8.0_202-release-1483-b03)
# Java VM: OpenJDK 64-Bit Server VM (25.202-b03 mixed mode windows-amd64 compressed oops)
Heap:
 PSYoungGen      total 289792K, used 247551K [0x00000000e0000000, 0x00000000f3380000, 0x0000000100000000)
  eden space 264704K, 89% used [0x00000000e0000000,0x00000000ee6aa668,0x00000000f0280000)
  from space 25088K, 45% used [0x00000000f1b00000,0x00000000f26156d8,0x00000000f3380000)
  to   space 25088K, 0% used [0x00000000f0280000,0x00000000f0280000,0x00000000f1b00000)
 ParOldGen       total 124928K, used 66316K [0x00000000a0000000, 0x00000000a7a00000, 0x00000000e0000000)
  object space 124928K, 53% used [0x00000000a0000000,0x00000000a40c3358,0x00000000a7a00000)
 Metaspace       used 77763K, capacity 80800K, committed 80920K, reserved 1120256K
  class space    used 10313K, capacity 10967K, committed 11048K, reserved 1048576K
GC Heap History (10 events):
Event: 24.229 GC heap before
{Heap before GC invocations=15 (full 3):
 PSYoungGen      total 168448K, used 154112K [0x00000000e0000000, 0x00000000ee680000, 0x0000000100000000)
  eden space 154112K, 100% used [0x00000000e0000000,0x00000000e9680000,0x00000000e9680000)
  from space 14336K, 0% used [0x00000000e9680000,0x00000000e9680000,0x00000000ea480000)
  to   space 18944K, 0% used [0x00000000ed400000,0x00000000ed400000,0x00000000ee680000)
 ParOldGen       total 124928K, used 36628K [0x00000000a0000000, 0x00000000a7a00000, 0x00000000e0000000)
  object space 124928K, 29% used [0x00000000a0000000,0x00000000a23c5030,0x00000000a7a00000)
 Metaspace       used 65104K, capacity 67152K, committed 67480K, reserved 1107968K
  class space    used 8807K, capacity 9285K, committed 9384K, reserved 1048576K
Event: 24.248 GC heap after
Heap after GC invocations=15 (full 3):
 PSYoungGen      total 204800K, used 17343K [0x00000000e0000000, 0x00000000ee500000, 0x0000000100000000)
  eden space 187392K, 0% used [0x00000000e0000000,0x00000000e0000000,0x00000000eb700000)
  from space 17408K, 99% used [0x00000000ed400000,0x00000000ee4efd40,0x00000000ee500000)
  to   space 20992K, 0% used [0x00000000ebc00000,0x00000000ebc00000,0x00000000ed080000)
 ParOldGen       total 124928K, used 36636K [0x00000000a0000000, 0x00000000a7a00000, 0x00000000e0000000)
  object space 124928K, 29% used [0x00000000a0000000,0x00000000a23c7030,0x00000000a7a00000)
 Metaspace       used 65104K, capacity 67152K, committed 67480K, reserved 1107968K
  class space    used 8807K, capacity 9285K, committed 9384K, reserved 1048576K
}
Event: 31.060 GC heap before
{Heap before GC invocations=16 (full 3):
 PSYoungGen      total 204800K, used 204680K [0x00000000e0000000, 0x00000000ee500000, 0x0000000100000000)
  eden space 187392K, 99% used [0x00000000e0000000,0x00000000eb6f25f8,0x00000000eb700000)
  from space 17408K, 99% used [0x00000000ed400000,0x00000000ee4efd40,0x00000000ee500000)
  to   space 20992K, 0% used [0x00000000ebc00000,0x00000000ebc00000,0x00000000ed080000)
 ParOldGen       total 124928K, used 36636K [0x00000000a0000000, 0x00000000a7a00000, 0x00000000e0000000)
  object space 124928K, 29% used [0x00000000a0000000,0x00000000a23c7030,0x00000000a7a00000)
 Metaspace       used 75228K, capacity 77822K, committed 78104K, reserved 1116160K
  class space    used 10083K, capacity 10680K, committed 10792K, reserved 1048576K
Event: 31.103 GC heap after
Heap after GC invocations=16 (full 3):
 PSYoungGen      total 213504K, used 20981K [0x00000000e0000000, 0x00000000f1000000, 0x0000000100000000)
  eden space 192512K, 0% used [0x00000000e0000000,0x00000000e0000000,0x00000000ebc00000)
  from space 20992K, 99% used [0x00000000ebc00000,0x00000000ed07d688,0x00000000ed080000)
  to   space 27648K, 0% used [0x00000000ef500000,0x00000000ef500000,0x00000000f1000000)
 ParOldGen       total 124928K, used 46531K [0x00000000a0000000, 0x00000000a7a00000, 0x00000000e0000000)
  object space 124928K, 37% used [0x00000000a0000000,0x00000000a2d70f10,0x00000000a7a00000)
 Metaspace       used 75228K, capacity 77822K, committed 78104K, reserved 1116160K
  class space    used 10083K, capacity 10680K, committed 10792K, reserved 1048576K
}
Event: 34.280 GC heap before
{Heap before GC invocations=17 (full 3):
 PSYoungGen      total 213504K, used 213493K [0x00000000e0000000, 0x00000000f1000000, 0x0000000100000000)
  eden space 192512K, 100% used [0x00000000e0000000,0x00000000ebc00000,0x00000000ebc00000)
  from space 20992K, 99% used [0x00000000ebc00000,0x00000000ed07d688,0x00000000ed080000)
  to   space 27648K, 0% used [0x00000000ef500000,0x00000000ef500000,0x00000000f1000000)
 ParOldGen       total 124928K, used 46531K [0x00000000a0000000, 0x00000000a7a00000, 0x00000000e0000000)
  object space 124928K, 37% used [0x00000000a0000000,0x00000000a2d70f10,0x00000000a7a00000)
 Metaspace       used 76609K, capacity 79498K, committed 79768K, reserved 1118208K
  class space    used 10232K, capacity 10838K, committed 10920K, reserved 1048576K
Event: 34.328 GC heap after
Heap after GC invocations=17 (full 3):
 PSYoungGen      total 250880K, used 3938K [0x00000000e0000000, 0x00000000f1580000, 0x0000000100000000)
  eden space 223232K, 0% used [0x00000000e0000000,0x00000000e0000000,0x00000000eda00000)
  from space 27648K, 14% used [0x00000000ef500000,0x00000000ef8d88f8,0x00000000f1000000)
  to   space 27648K, 0% used [0x00000000eda00000,0x00000000eda00000,0x00000000ef500000)
 ParOldGen       total 124928K, used 66300K [0x00000000a0000000, 0x00000000a7a00000, 0x00000000e0000000)
  object space 124928K, 53% used [0x00000000a0000000,0x00000000a40bf358,0x00000000a7a00000)
 Metaspace       used 76609K, capacity 79498K, committed 79768K, reserved 1118208K
  class space    used 10232K, capacity 10838K, committed 10920K, reserved 1048576K
}
Event: 37.913 GC heap before
{Heap before GC invocations=18 (full 3):
 PSYoungGen      total 250880K, used 227170K [0x00000000e0000000, 0x00000000f1580000, 0x0000000100000000)
  eden space 223232K, 100% used [0x00000000e0000000,0x00000000eda00000,0x00000000eda00000)
  from space 27648K, 14% used [0x00000000ef500000,0x00000000ef8d88f8,0x00000000f1000000)
  to   space 27648K, 0% used [0x00000000eda00000,0x00000000eda00000,0x00000000ef500000)
 ParOldGen       total 124928K, used 66300K [0x00000000a0000000, 0x00000000a7a00000, 0x00000000e0000000)
  object space 124928K, 53% used [0x00000000a0000000,0x00000000a40bf358,0x00000000a7a00000)
 Metaspace       used 76847K, capacity 79778K, committed 80024K, reserved 1118208K
  class space    used 10247K, capacity 10876K, committed 10920K, reserved 1048576K
Event: 37.947 GC heap after
Heap after GC invocations=18 (full 3):
 PSYoungGen      total 250880K, used 7330K [0x00000000e0000000, 0x00000000f3500000, 0x0000000100000000)
  eden space 223232K, 0% used [0x00000000e0000000,0x00000000e0000000,0x00000000eda00000)
  from space 27648K, 26% used [0x00000000eda00000,0x00000000ee1288c8,0x00000000ef500000)
  to   space 26624K, 0% used [0x00000000f1b00000,0x00000000f1b00000,0x00000000f3500000)
 ParOldGen       total 124928K, used 66308K [0x00000000a0000000, 0x00000000a7a00000, 0x00000000e0000000)
  object space 124928K, 53% used [0x00000000a0000000,0x00000000a40c1358,0x00000000a7a00000)
 Metaspace       used 76847K, capacity 79778K, committed 80024K, reserved 1118208K
  class space    used 10247K, capacity 10876K, committed 10920K, reserved 1048576K
}
Event: 41.303 GC heap before
{Heap before GC invocations=19 (full 3):
 PSYoungGen      total 250880K, used 230562K [0x00000000e0000000, 0x00000000f3500000, 0x0000000100000000)
  eden space 223232K, 100% used [0x00000000e0000000,0x00000000eda00000,0x00000000eda00000)
  from space 27648K, 26% used [0x00000000eda00000,0x00000000ee1288c8,0x00000000ef500000)
  to   space 26624K, 0% used [0x00000000f1b00000,0x00000000f1b00000,0x00000000f3500000)
 ParOldGen       total 124928K, used 66308K [0x00000000a0000000, 0x00000000a7a00000, 0x00000000e0000000)
  object space 124928K, 53% used [0x00000000a0000000,0x00000000a40c1358,0x00000000a7a00000)
 Metaspace       used 76886K, capacity 79778K, committed 80024K, reserved 1118208K
  class space    used 10248K, capacity 10876K, committed 10920K, reserved 1048576K
Event: 41.361 GC heap after
Heap after GC invocations=19 (full 3):
 PSYoungGen      total 289792K, used 11349K [0x00000000e0000000, 0x00000000f3380000, 0x0000000100000000)
  eden space 264704K, 0% used [0x00000000e0000000,0x00000000e0000000,0x00000000f0280000)
  from space 25088K, 45% used [0x00000000f1b00000,0x00000000f26156d8,0x00000000f3380000)
  to   space 25088K, 0% used [0x00000000f0280000,0x00000000f0280000,0x00000000f1b00000)
 ParOldGen       total 124928K, used 66316K [0x00000000a0000000, 0x00000000a7a00000, 0x00000000e0000000)
  object space 124928K, 53% used [0x00000000a0000000,0x00000000a40c3358,0x00000000a7a00000)
 Metaspace       used 76886K, capacity 79778K, committed 80024K, reserved 1118208K
  class space    used 10248K, capacity 10876K, committed 10920K, reserved 1048576K
}

