# JRE version: OpenJDK Runtime Environment (8.0_202-b03) (build 1.8.0_202-release-1483-b03)
# Java VM: OpenJDK 64-Bit Server VM (25.202-b03 mixed mode windows-amd64 compressed oops)
Heap:
 PSYoungGen      total 386560K, used 192913K [0x00000000e0000000, 0x00000000fb800000, 0x0000000100000000)
  eden space 359936K, 47% used [0x00000000e0000000,0x00000000ea68a1c0,0x00000000f5f80000)
  from space 26624K, 84% used [0x00000000f5f80000,0x00000000f755a500,0x00000000f7980000)
  to   space 28672K, 0% used [0x00000000f9c00000,0x00000000f9c00000,0x00000000fb800000)
 ParOldGen       total 138752K, used 39917K [0x00000000a0000000, 0x00000000a8780000, 0x00000000e0000000)
  object space 138752K, 28% used [0x00000000a0000000,0x00000000a26fb798,0x00000000a8780000)
 Metaspace       used 90856K, capacity 95016K, committed 95272K, reserved 1132544K
  class space    used 11698K, capacity 12555K, committed 12584K, reserved 1048576K
GC Heap History (10 events):
Event: 3947.197 GC heap before
{Heap before GC invocations=24 (full 3):
 PSYoungGen      total 300032K, used 295590K [0x00000000e0000000, 0x00000000f4880000, 0x0000000100000000)
  eden space 274944K, 100% used [0x00000000e0000000,0x00000000f0c80000,0x00000000f0c80000)
  from space 25088K, 82% used [0x00000000f2700000,0x00000000f3b29990,0x00000000f3f80000)
  to   space 27136K, 0% used [0x00000000f0c80000,0x00000000f0c80000,0x00000000f2700000)
 ParOldGen       total 138752K, used 39893K [0x00000000a0000000, 0x00000000a8780000, 0x00000000e0000000)
  object space 138752K, 28% used [0x00000000a0000000,0x00000000a26f5798,0x00000000a8780000)
 Metaspace       used 80342K, capacity 84064K, committed 84264K, reserved 1122304K
  class space    used 10499K, capacity 11229K, committed 11304K, reserved 1048576K
Event: 3947.253 GC heap after
Heap after GC invocations=24 (full 3):
 PSYoungGen      total 302080K, used 21712K [0x00000000e0000000, 0x00000000f7200000, 0x0000000100000000)
  eden space 274944K, 0% used [0x00000000e0000000,0x00000000e0000000,0x00000000f0c80000)
  from space 27136K, 80% used [0x00000000f0c80000,0x00000000f21b4040,0x00000000f2700000)
  to   space 28672K, 0% used [0x00000000f5600000,0x00000000f5600000,0x00000000f7200000)
 ParOldGen       total 138752K, used 39893K [0x00000000a0000000, 0x00000000a8780000, 0x00000000e0000000)
  object space 138752K, 28% used [0x00000000a0000000,0x00000000a26f5798,0x00000000a8780000)
 Metaspace       used 80342K, capacity 84064K, committed 84264K, reserved 1122304K
  class space    used 10499K, capacity 11229K, committed 11304K, reserved 1048576K
}
Event: 3950.422 GC heap before
{Heap before GC invocations=25 (full 3):
 PSYoungGen      total 302080K, used 296656K [0x00000000e0000000, 0x00000000f7200000, 0x0000000100000000)
  eden space 274944K, 100% used [0x00000000e0000000,0x00000000f0c80000,0x00000000f0c80000)
  from space 27136K, 80% used [0x00000000f0c80000,0x00000000f21b4040,0x00000000f2700000)
  to   space 28672K, 0% used [0x00000000f5600000,0x00000000f5600000,0x00000000f7200000)
 ParOldGen       total 138752K, used 39893K [0x00000000a0000000, 0x00000000a8780000, 0x00000000e0000000)
  object space 138752K, 28% used [0x00000000a0000000,0x00000000a26f5798,0x00000000a8780000)
 Metaspace       used 80743K, capacity 84498K, committed 84648K, reserved 1122304K
  class space    used 10544K, capacity 11306K, committed 11432K, reserved 1048576K
Event: 3950.496 GC heap after
Heap after GC invocations=25 (full 3):
 PSYoungGen      total 350208K, used 18321K [0x00000000e0000000, 0x00000000f7200000, 0x0000000100000000)
  eden space 321536K, 0% used [0x00000000e0000000,0x00000000e0000000,0x00000000f3a00000)
  from space 28672K, 63% used [0x00000000f5600000,0x00000000f67e4658,0x00000000f7200000)
  to   space 28672K, 0% used [0x00000000f3a00000,0x00000000f3a00000,0x00000000f5600000)
 ParOldGen       total 138752K, used 39893K [0x00000000a0000000, 0x00000000a8780000, 0x00000000e0000000)
  object space 138752K, 28% used [0x00000000a0000000,0x00000000a26f5798,0x00000000a8780000)
 Metaspace       used 80743K, capacity 84498K, committed 84648K, reserved 1122304K
  class space    used 10544K, capacity 11306K, committed 11432K, reserved 1048576K
}
Event: 3967.781 GC heap before
{Heap before GC invocations=26 (full 3):
 PSYoungGen      total 350208K, used 339857K [0x00000000e0000000, 0x00000000f7200000, 0x0000000100000000)
  eden space 321536K, 100% used [0x00000000e0000000,0x00000000f3a00000,0x00000000f3a00000)
  from space 28672K, 63% used [0x00000000f5600000,0x00000000f67e4658,0x00000000f7200000)
  to   space 28672K, 0% used [0x00000000f3a00000,0x00000000f3a00000,0x00000000f5600000)
 ParOldGen       total 138752K, used 39893K [0x00000000a0000000, 0x00000000a8780000, 0x00000000e0000000)
  object space 138752K, 28% used [0x00000000a0000000,0x00000000a26f5798,0x00000000a8780000)
 Metaspace       used 85342K, capacity 89330K, committed 89384K, reserved 1126400K
  class space    used 11012K, capacity 11796K, committed 11816K, reserved 1048576K
Event: 3967.816 GC heap after
Heap after GC invocations=26 (full 3):
 PSYoungGen      total 350208K, used 16691K [0x00000000e0000000, 0x00000000f9e00000, 0x0000000100000000)
  eden space 321536K, 0% used [0x00000000e0000000,0x00000000e0000000,0x00000000f3a00000)
  from space 28672K, 58% used [0x00000000f3a00000,0x00000000f4a4cd90,0x00000000f5600000)
  to   space 28160K, 0% used [0x00000000f8280000,0x00000000f8280000,0x00000000f9e00000)
 ParOldGen       total 138752K, used 39909K [0x00000000a0000000, 0x00000000a8780000, 0x00000000e0000000)
  object space 138752K, 28% used [0x00000000a0000000,0x00000000a26f9798,0x00000000a8780000)
 Metaspace       used 85342K, capacity 89330K, committed 89384K, reserved 1126400K
  class space    used 11012K, capacity 11796K, committed 11816K, reserved 1048576K
}
Event: 4023.092 GC heap before
{Heap before GC invocations=27 (full 3):
 PSYoungGen      total 350208K, used 338227K [0x00000000e0000000, 0x00000000f9e00000, 0x0000000100000000)
  eden space 321536K, 100% used [0x00000000e0000000,0x00000000f3a00000,0x00000000f3a00000)
  from space 28672K, 58% used [0x00000000f3a00000,0x00000000f4a4cd90,0x00000000f5600000)
  to   space 28160K, 0% used [0x00000000f8280000,0x00000000f8280000,0x00000000f9e00000)
 ParOldGen       total 138752K, used 39909K [0x00000000a0000000, 0x00000000a8780000, 0x00000000e0000000)
  object space 138752K, 28% used [0x00000000a0000000,0x00000000a26f9798,0x00000000a8780000)
 Metaspace       used 90522K, capacity 94708K, committed 95016K, reserved 1132544K
  class space    used 11663K, capacity 12519K, committed 12584K, reserved 1048576K
Event: 4023.118 GC heap after
Heap after GC invocations=27 (full 3):
 PSYoungGen      total 377344K, used 14601K [0x00000000e0000000, 0x00000000f9380000, 0x0000000100000000)
  eden space 359936K, 0% used [0x00000000e0000000,0x00000000e0000000,0x00000000f5f80000)
  from space 17408K, 83% used [0x00000000f8280000,0x00000000f90c2740,0x00000000f9380000)
  to   space 26624K, 0% used [0x00000000f5f80000,0x00000000f5f80000,0x00000000f7980000)
 ParOldGen       total 138752K, used 39917K [0x00000000a0000000, 0x00000000a8780000, 0x00000000e0000000)
  object space 138752K, 28% used [0x00000000a0000000,0x00000000a26fb798,0x00000000a8780000)
 Metaspace       used 90522K, capacity 94708K, committed 95016K, reserved 1132544K
  class space    used 11663K, capacity 12519K, committed 12584K, reserved 1048576K
}
Event: 4029.176 GC heap before
{Heap before GC invocations=28 (full 3):
 PSYoungGen      total 377344K, used 374537K [0x00000000e0000000, 0x00000000f9380000, 0x0000000100000000)
  eden space 359936K, 100% used [0x00000000e0000000,0x00000000f5f80000,0x00000000f5f80000)
  from space 17408K, 83% used [0x00000000f8280000,0x00000000f90c2740,0x00000000f9380000)
  to   space 26624K, 0% used [0x00000000f5f80000,0x00000000f5f80000,0x00000000f7980000)
 ParOldGen       total 138752K, used 39917K [0x00000000a0000000, 0x00000000a8780000, 0x00000000e0000000)
  object space 138752K, 28% used [0x00000000a0000000,0x00000000a26fb798,0x00000000a8780000)
 Metaspace       used 90841K, capacity 95012K, committed 95272K, reserved 1132544K
  class space    used 11698K, capacity 12555K, committed 12584K, reserved 1048576K
Event: 4029.282 GC heap after
Heap after GC invocations=28 (full 3):
 PSYoungGen      total 386560K, used 22377K [0x00000000e0000000, 0x00000000fb800000, 0x0000000100000000)
  eden space 359936K, 0% used [0x00000000e0000000,0x00000000e0000000,0x00000000f5f80000)
  from space 26624K, 84% used [0x00000000f5f80000,0x00000000f755a500,0x00000000f7980000)
  to   space 28672K, 0% used [0x00000000f9c00000,0x00000000f9c00000,0x00000000fb800000)
 ParOldGen       total 138752K, used 39917K [0x00000000a0000000, 0x00000000a8780000, 0x00000000e0000000)
  object space 138752K, 28% used [0x00000000a0000000,0x00000000a26fb798,0x00000000a8780000)
 Metaspace       used 90841K, capacity 95012K, committed 95272K, reserved 1132544K
  class space    used 11698K, capacity 12555K, committed 12584K, reserved 1048576K
}

